Build started 9/29/2014 12:05:40 AM.
     1>Project "C:\Users\Justin\Desktop\EnvironmentSimulation\EnvironmentSimulation\EnvironmentSimulation\EnvironmentSimulation.vcxproj" on node 2 (Build target(s)).
     1>FxCompile:
         C:\Program Files (x86)\Windows Kits\8.1\bin\x86\fxc.exe /nologo /E"main" /T vs_4_0 /Fo "C:\Users\Justin\Desktop\EnvironmentSimulation\EnvironmentSimulation\Debug\Heightmap.cso" /Od /Zi Heightmap.hlsl 
     1>C:\Users\Justin\Desktop\EnvironmentSimulation\EnvironmentSimulation\EnvironmentSimulation\Heightmap.hlsl(75,9-79): warning X3206: implicit truncation of vector type
     1>C:\Users\Justin\Desktop\EnvironmentSimulation\EnvironmentSimulation\EnvironmentSimulation\Heightmap.hlsl(40,18-43): warning X3578: Output value 'main' is not completely initialized
         
         compilation object save succeeded; see C:\Users\Justin\Desktop\EnvironmentSimulation\EnvironmentSimulation\Debug\Heightmap.cso
         C:\Program Files (x86)\Windows Kits\8.1\bin\x86\fxc.exe /nologo /E"main" /T vs_4_0 /Fo "C:\Users\Justin\Desktop\EnvironmentSimulation\EnvironmentSimulation\Debug\WaterVertex.cso" /Od /Zi WaterVertex.hlsl 
     1>C:\Users\Justin\Desktop\EnvironmentSimulation\EnvironmentSimulation\EnvironmentSimulation\WaterVertex.hlsl(48,10-108): warning X3206: implicit truncation of vector type
     1>C:\Users\Justin\Desktop\EnvironmentSimulation\EnvironmentSimulation\EnvironmentSimulation\WaterVertex.hlsl(36,18-43): warning X3578: Output value 'main' is not completely initialized
         
         compilation object save succeeded; see C:\Users\Justin\Desktop\EnvironmentSimulation\EnvironmentSimulation\Debug\WaterVertex.cso
       ClCompile:
         C:\Program Files (x86)\Microsoft Visual Studio 12.0\VC\bin\CL.exe /c /ZI /nologo /W3 /WX- /sdl /Od /Oy- /D _UNICODE /D UNICODE /Gm /EHsc /RTC1 /MDd /GS /fp:precise /Zc:wchar_t /Zc:forScope /Fo"Debug\\" /Fd"Debug\vc120.pdb" /Gd /TP /analyze- /errorReport:prompt Camera.cpp GameObject.cpp Material.cpp Mesh.cpp MeshGenerator.cpp Simulation.cpp Sky.cpp Terrain.cpp
         Camera.cpp
         Generating Code...
         Compiling...
         Terrain.cpp
     1>c:\users\justin\desktop\environmentsimulation\environmentsimulation\environmentsimulation\terrain.cpp(22): warning C4018: '<' : signed/unsigned mismatch
     1>c:\users\justin\desktop\environmentsimulation\environmentsimulation\environmentsimulation\terrain.cpp(25): warning C4018: '<' : signed/unsigned mismatch
     1>c:\users\justin\desktop\environmentsimulation\environmentsimulation\environmentsimulation\terrain.cpp(34): warning C4305: 'argument' : truncation from 'double' to 'float'
     1>c:\users\justin\desktop\environmentsimulation\environmentsimulation\environmentsimulation\terrain.cpp(41): warning C4018: '<' : signed/unsigned mismatch
     1>c:\users\justin\desktop\environmentsimulation\environmentsimulation\environmentsimulation\terrain.cpp(43): warning C4018: '<' : signed/unsigned mismatch
     1>c:\users\justin\desktop\environmentsimulation\environmentsimulation\environmentsimulation\terrain.cpp(103): warning C4244: '+=' : conversion from 'double' to 'float', possible loss of data
     1>c:\users\justin\desktop\environmentsimulation\environmentsimulation\environmentsimulation\terrain.cpp(104): warning C4244: '+=' : conversion from 'double' to 'float', possible loss of data
         Sky.cpp
         Simulation.cpp
     1>c:\users\justin\desktop\environmentsimulation\environmentsimulation\environmentsimulation\simulation.cpp(91): warning C4316: 'Terrain' : object allocated on the heap may not be aligned 16
     1>c:\users\justin\desktop\environmentsimulation\environmentsimulation\environmentsimulation\simulation.cpp(97): warning C4316: 'Terrain' : object allocated on the heap may not be aligned 16
         MeshGenerator.cpp
     1>c:\users\justin\desktop\environmentsimulation\environmentsimulation\environmentsimulation\meshgenerator.cpp(47): warning C4018: '<' : signed/unsigned mismatch
         Mesh.cpp
     1>c:\users\justin\desktop\environmentsimulation\environmentsimulation\environmentsimulation\mesh.cpp(137): warning C4018: '<' : signed/unsigned mismatch
     1>c:\users\justin\desktop\environmentsimulation\environmentsimulation\environmentsimulation\mesh.cpp(143): warning C4018: '<' : signed/unsigned mismatch
     1>c:\users\justin\desktop\environmentsimulation\environmentsimulation\environmentsimulation\mesh.cpp(151): warning C4018: '<' : signed/unsigned mismatch
     1>c:\users\justin\desktop\environmentsimulation\environmentsimulation\environmentsimulation\mesh.cpp(193): warning C4305: '=' : truncation from 'double' to 'float'
     1>c:\users\justin\desktop\environmentsimulation\environmentsimulation\environmentsimulation\mesh.cpp(212): warning C4018: '<' : signed/unsigned mismatch
     1>c:\users\justin\desktop\environmentsimulation\environmentsimulation\environmentsimulation\mesh.cpp(215): warning C4018: '<' : signed/unsigned mismatch
         GameObject.cpp
         Generating Code...
         Compiling...
         Material.cpp
         Generating Code...
     1>cl : Command line warning D9028: minimal rebuild failure, reverting to normal build
       Link:
         C:\Program Files (x86)\Microsoft Visual Studio 12.0\VC\bin\link.exe /ERRORREPORT:PROMPT /OUT:"C:\Users\Justin\Desktop\EnvironmentSimulation\EnvironmentSimulation\Debug\EnvironmentSimulation.exe" /INCREMENTAL /NOLOGO d3d11.lib d3dcompiler.lib assimpd.lib kernel32.lib user32.lib gdi32.lib winspool.lib comdlg32.lib advapi32.lib shell32.lib ole32.lib oleaut32.lib uuid.lib odbc32.lib odbccp32.lib /MANIFEST /MANIFESTUAC:"level='asInvoker' uiAccess='false'" /manifest:embed /DEBUG /PDB:"C:\Users\Justin\Desktop\EnvironmentSimulation\EnvironmentSimulation\Debug\EnvironmentSimulation.pdb" /TLBID:1 /DYNAMICBASE /NXCOMPAT /IMPLIB:"C:\Users\Justin\Desktop\EnvironmentSimulation\EnvironmentSimulation\Debug\EnvironmentSimulation.lib" /MACHINE:X86 Debug\MeshGenerator.obj
         Debug\Sky.obj
         Debug\Terrain.obj
         Debug\Camera.obj
         Debug\Game.obj
         Debug\GameObject.obj
         Debug\Material.obj
         Debug\Mesh.obj
         Debug\Shader.obj
         Debug\Simulation.obj
         Debug\Timer.obj
         C:\Users\Justin\Desktop\EnvironmentSimulation\EnvironmentSimulation\DirectXTK\Bin\Windows81\Win32\Debug\DirectXTK.lib
         EnvironmentSimulation.vcxproj -> C:\Users\Justin\Desktop\EnvironmentSimulation\EnvironmentSimulation\Debug\EnvironmentSimulation.exe
     1>Done Building Project "C:\Users\Justin\Desktop\EnvironmentSimulation\EnvironmentSimulation\EnvironmentSimulation\EnvironmentSimulation.vcxproj" (Build target(s)).

Build succeeded.

Time Elapsed 00:00:09.74
